Fri Mar 18 14:58:12 CET 2011 - respawning growlrender daemon...
Fri Mar 18 14:58:12 CET 2011 - growlrender daemon started
Fri Mar 18 14:58:28 CET 2011 - respawning growlrender daemon...
Fri Mar 18 14:58:28 CET 2011 - growlrender daemon started
Fri Mar 18 15:07:24 CET 2011 - shutting down growlrender daemon...
Fri Mar 18 15:07:24 CET 2011 - growlrender daemon stopped
Fri Mar 18 15:07:53 CET 2011 - growlrender daemon started
Fri Mar 18 15:07:54 CET 2011 - Growl Daemon crashed/not running
Stopping growlrender daemon
Fri Mar 18 15:07:54 CET 2011 - shutting down growlrender daemon...
Fri Mar 18 15:07:59 CET 2011 - growlrender daemon started
Fri Mar 18 15:08:00 CET 2011 - Growl Daemon crashed/not running
Stopping growlrender daemon
Fri Mar 18 15:08:00 CET 2011 - shutting down growlrender daemon...
Fri Mar 18 15:09:04 CET 2011 - growlrender daemon started
Fri Mar 18 15:09:13 CET 2011 - respawning growlrender daemon...
Fri Mar 18 15:09:13 CET 2011 - growlrender daemon started
Fri Mar 18 15:09:18 CET 2011 - shutting down growlrender daemon...
Fri Mar 18 15:09:18 CET 2011 - growlrender daemon stopped
Fri Mar 18 15:09:33 CET 2011 - growlrender daemon started
Fri Mar 18 15:09:58 CET 2011 - respawning growlrender daemon...
Fri Mar 18 15:09:58 CET 2011 - growlrender daemon started
Fri Mar 18 15:10:01 CET 2011 - respawning growlrender daemon...
Fri Mar 18 15:10:01 CET 2011 - growlrender daemon started
Fri Mar 18 15:12:33 CET 2011 - respawning growlrender daemon...
Fri Mar 18 15:12:33 CET 2011 - growlrender daemon started
Fri Mar 18 15:12:36 CET 2011 - respawning growlrender daemon...
Fri Mar 18 15:12:36 CET 2011 - growlrender daemon started
Fri Mar 18 15:12:43 CET 2011 - respawning growlrender daemon...
Fri Mar 18 15:12:43 CET 2011 - growlrender daemon started
Fri Mar 18 15:15:08 CET 2011 - Growl Daemon crashed/not running
Stopping growlrender daemon
Fri Mar 18 15:15:11 CET 2011 - shutting down growlrender daemon...
Fri Mar 18 15:15:27 CET 2011 - shutting down growlrender daemon...
Fri Mar 18 15:15:27 CET 2011 - growlrender daemon stopped
Fri Mar 18 15:15:40 CET 2011 - growlrender not running
Fri Mar 18 15:15:41 CET 2011 - growlrender not running
Fri Mar 18 15:15:44 CET 2011 - growlrender daemon started
Fri Mar 18 15:15:44 CET 2011 - Growl Daemon crashed/not running
Stopping growlrender daemon
Fri Mar 18 15:15:47 CET 2011 - shutting down growlrender daemon...
Fri Mar 18 15:16:29 CET 2011 - growlrender daemon started
Fri Mar 18 15:16:35 CET 2011 - Your (main) Growl Daemon is not running... Has it crashed ?
Stopping growlrender daemon
Fri Mar 18 15:16:37 CET 2011 - shutting down growlrender daemon...
Fri Mar 18 15:16:41 CET 2011 - growlrender daemon started
Fri Mar 18 15:16:42 CET 2011 - Your (main) Growl Daemon is not running... Has it crashed ?
Stopping growlrender daemon
Fri Mar 18 15:16:44 CET 2011 - shutting down growlrender daemon...
Fri Mar 18 15:18:40 CET 2011 - growlrender daemon started
Fri Mar 18 15:18:46 CET 2011 - Your (main) Growl Daemon is not running... Has it crashed ?
Stopping growlrender daemon
Fri Mar 18 15:18:49 CET 2011 - shutting down growlrender daemon...
Fri Mar 18 15:21:31 CET 2011 - growlrender not running
Fri Mar 18 15:22:03 CET 2011 - growlrender daemon started
Fri Mar 18 15:22:24 CET 2011 - shutting down growlrender daemon...
Fri Mar 18 15:22:24 CET 2011 - growlrender daemon stopped
Fri Mar 18 15:22:33 CET 2011 - growlrender daemon started
Fri Mar 18 15:22:40 CET 2011 - respawning growlrender daemon...
Fri Mar 18 15:22:40 CET 2011 - growlrender daemon started
Fri Mar 18 15:22:41 CET 2011 - Your (main) Growl Daemon is not running... Has it crashed ?
Stopping growlrender daemon
Fri Mar 18 15:22:43 CET 2011 - shutting down growlrender daemon...
Fri Mar 18 15:22:48 CET 2011 - growlrender daemon started
Fri Mar 18 15:23:18 CET 2011 - Your (main) Growl Daemon is not running... Has it crashed ?
Stopping growlrender daemon
Fri Mar 18 15:23:20 CET 2011 - shutting down growlrender daemon...
Fri Mar 18 15:26:40 CET 2011 - growlrender daemon started
Fri Mar 18 15:27:10 CET 2011 - respawning growlrender daemon...
Fri Mar 18 15:27:10 CET 2011 - growlrender daemon started
Fri Mar 18 15:27:46 CET 2011 - respawning growlrender daemon...
Fri Mar 18 15:27:46 CET 2011 - growlrender daemon started
Fri Mar 18 15:28:04 CET 2011 - respawning growlrender daemon...
Fri Mar 18 15:28:05 CET 2011 - growlrender daemon started
Fri Mar 18 15:28:05 CET 2011 - Your (main) Growl Daemon is not running... Has it crashed ?
Stopping growlrender daemon
Fri Mar 18 15:28:07 CET 2011 - shutting down growlrender daemon...
Fri Mar 18 15:28:10 CET 2011 - growlrender daemon started
Fri Mar 18 15:28:15 CET 2011 - Your (main) Growl Daemon is not running... Has it crashed ?
Stopping growlrender daemon
Fri Mar 18 15:28:18 CET 2011 - shutting down growlrender daemon...
Fri Mar 18 15:28:20 CET 2011 - growlrender daemon started
Fri Mar 18 15:28:30 CET 2011 - Your (main) Growl Daemon is not running... Has it crashed ?
Stopping growlrender daemon
Fri Mar 18 15:28:33 CET 2011 - shutting down growlrender daemon...
Fri Mar 18 15:28:35 CET 2011 - growlrender daemon started
Fri Mar 18 15:28:35 CET 2011 - Your (main) Growl Daemon is not running... Has it crashed ?
Stopping growlrender daemon
Fri Mar 18 15:28:37 CET 2011 - respawning growlrender daemon...
Fri Mar 18 15:28:37 CET 2011 - growlrender daemon started
Fri Mar 18 15:28:56 CET 2011 - respawning growlrender daemon...
Fri Mar 18 15:28:56 CET 2011 - growlrender daemon started
Fri Mar 18 15:29:32 CET 2011 - Your (main) Growl Daemon is not running... Has it crashed ?
Stopping growlrender daemon
Fri Mar 18 15:29:34 CET 2011 - shutting down growlrender daemon...
Fri Mar 18 15:29:42 CET 2011 - growlrender daemon started
Fri Mar 18 15:29:42 CET 2011 - starting growlwatcher daemon
Fri Mar 18 15:30:03 CET 2011 - respawning growlrender daemon...
Fri Mar 18 15:30:03 CET 2011 - (growlwatcher daemon also started)
Fri Mar 18 15:30:03 CET 2011 - growlrender daemon started
Fri Mar 18 15:30:04 CET 2011 - Your (main) Growl Daemon is not running... Has it crashed ?
Stopping growlrender daemon
Fri Mar 18 15:30:06 CET 2011 - shutting down growlrender daemon...
Fri Mar 18 15:30:06 CET 2011 - respawning growlrender daemon...
Fri Mar 18 15:30:07 CET 2011 - growlrender daemon started
Fri Mar 18 15:30:07 CET 2011 - (growlwatcher daemon also started)
Fri Mar 18 15:30:27 CET 2011 - Your (main) Growl Daemon is not running... Has it crashed ?
Stopping growlrender daemon
Fri Mar 18 15:30:30 CET 2011 - shutting down growlrender daemon...
Fri Mar 18 15:30:31 CET 2011 - (growlwatcher daemon also started)
Fri Mar 18 15:30:31 CET 2011 - growlrender daemon started
Fri Mar 18 15:31:07 CET 2011 - Your (main) Growl Daemon is not running... Has it crashed ?
Stopping growlrender daemon
Fri Mar 18 15:31:10 CET 2011 - shutting down growlrender daemon...
Fri Mar 18 15:31:16 CET 2011 - growlrender daemon started
Fri Mar 18 15:31:16 CET 2011 - (growlwatcher daemon also started)
Fri Mar 18 15:31:21 CET 2011 - Your (main) Growl Daemon is not running... Has it crashed ?
Stopping growlrender daemon
Fri Mar 18 15:31:24 CET 2011 - shutting down growlrender daemon...
Fri Mar 18 15:31:26 CET 2011 - (growlwatcher daemon also started)
Fri Mar 18 15:31:26 CET 2011 - growlrender daemon started
Fri Mar 18 15:31:26 CET 2011 - Your (main) Growl Daemon is not running... Has it crashed ?
Stopping growlrender daemon
Fri Mar 18 15:31:28 CET 2011 - shutting down growlrender daemon...
Fri Mar 18 15:31:29 CET 2011 - growlrender daemon started
Fri Mar 18 15:31:29 CET 2011 - (growlwatcher daemon also started)
Fri Mar 18 15:31:32 CET 2011 - respawning growlrender daemon...
Fri Mar 18 15:31:33 CET 2011 - (growlwatcher daemon also started)
Fri Mar 18 15:31:33 CET 2011 - growlrender daemon started
Fri Mar 18 15:32:03 CET 2011 - Your (main) Growl Daemon is not running... Has it crashed ?
Stopping growlrender daemon
Fri Mar 18 15:32:06 CET 2011 - shutting down growlrender daemon...
Fri Mar 18 15:32:34 CET 2011 - growlrender daemon started
Fri Mar 18 15:32:34 CET 2011 - (growlwatcher daemon also started)
Fri Mar 18 15:34:36 CET 2011 - Your (main) Growl Daemon is not running... Has it crashed ?
Stopping growlrender daemon
Fri Mar 18 15:34:39 CET 2011 - shutting down growlrender daemon...
Fri Mar 18 15:42:10 CET 2011 - (growlwatcher daemon also started)
Fri Mar 18 15:42:10 CET 2011 - growlrender daemon started
Fri Mar 18 15:42:10 CET 2011 - Your (main) Growl Daemon is not running... Has it crashed ?
Stopping growlrender daemon
Fri Mar 18 15:42:10 CET 2011 - shutting down growlrender daemon...
Fri Mar 18 15:42:12 CET 2011 - (growlwatcher daemon also started)
Fri Mar 18 15:42:12 CET 2011 - growlrender daemon started
Fri Mar 18 15:42:16 CET 2011 - respawning growlrender daemon...
Fri Mar 18 15:42:16 CET 2011 - growlrender daemon started
Fri Mar 18 15:42:16 CET 2011 - (growlwatcher daemon also started)
Fri Mar 18 15:42:57 CET 2011 - Your (main) Growl Daemon is not running... Has it crashed ?
Stopping growlrender daemon
Fri Mar 18 15:42:57 CET 2011 - shutting down growlrender daemon...
Fri Mar 18 15:43:09 CET 2011 - growlrender daemon started
Fri Mar 18 15:43:11 CET 2011 - (growlwatcher daemon also started)
Fri Mar 18 15:43:21 CET 2011 - Your (main) Growl Daemon is not running... Has it crashed ?
Stopping growlrender daemon
Fri Mar 18 15:43:21 CET 2011 - shutting down growlrender daemon...
Fri Mar 18 15:43:24 CET 2011 - growlrender daemon started
Fri Mar 18 15:43:24 CET 2011 - (growlwatcher daemon also started)
Fri Mar 18 15:43:25 CET 2011 - Your (main) Growl Daemon is not running... Has it crashed ?
Stopping growlrender daemon
Fri Mar 18 15:43:25 CET 2011 - shutting down growlrender daemon...
Fri Mar 18 15:43:28 CET 2011 - growlrender daemon started
Fri Mar 18 15:43:28 CET 2011 - (growlwatcher daemon also started)
Fri Mar 18 15:43:38 CET 2011 - Your (main) Growl Daemon is not running... Has it crashed ?
Stopping growlrender daemon
Fri Mar 18 15:43:38 CET 2011 - shutting down growlrender daemon...
Fri Mar 18 15:44:37 CET 2011 - growlrender daemon started
Fri Mar 18 15:44:37 CET 2011 - (growlwatcher daemon also started)
Fri Mar 18 15:44:38 CET 2011 - Your (main) Growl Daemon is not running... Has it crashed ?
Stopping growlrender daemon
Fri Mar 18 15:44:38 CET 2011 - shutting down growlrender daemon...
Fri Mar 18 15:44:44 CET 2011 - growlrender daemon started
Fri Mar 18 15:44:45 CET 2011 - (growlwatcher daemon also started)
Fri Mar 18 15:44:45 CET 2011 - Your (main) Growl Daemon is not running... Has it crashed ?
Stopping growlrender daemon
Fri Mar 18 15:44:45 CET 2011 - shutting down growlrender daemon...
Fri Mar 18 15:44:48 CET 2011 - growlrender daemon started
Fri Mar 18 15:44:48 CET 2011 - (growlwatcher daemon also started)
Fri Mar 18 15:44:54 CET 2011 - respawning growlrender daemon...
Fri Mar 18 15:44:54 CET 2011 - growlrender daemon started
Fri Mar 18 15:44:55 CET 2011 - (growlwatcher daemon also started)
Fri Mar 18 15:45:10 CET 2011 - Your (main) Growl Daemon is not running... Has it crashed ?
Stopping growlrender daemon
Fri Mar 18 15:45:10 CET 2011 - shutting down growlrender daemon...
Fri Mar 18 15:48:34 CET 2011 - growlrender daemon started
Fri Mar 18 15:48:34 CET 2011 - (growlwatcher daemon also started)
Fri Mar 18 15:49:02 CET 2011 - respawning growlrender daemon...
Fri Mar 18 15:49:02 CET 2011 - growlrender daemon started
Fri Mar 18 15:49:02 CET 2011 - (growlwatcher daemon also started)
Fri Mar 18 15:49:12 CET 2011 - respawning growlrender daemon...
Fri Mar 18 15:49:12 CET 2011 - growlrender daemon started
Fri Mar 18 15:49:13 CET 2011 - (growlwatcher daemon also started)
Fri Mar 18 15:49:18 CET 2011 - Your (main) Growl Daemon is not running... Has it crashed ?
Stopping growlrender daemon
Fri Mar 18 15:49:21 CET 2011 - shutting down growlrender daemon...
Fri Mar 18 15:50:32 CET 2011 - growlrender daemon started
Fri Mar 18 15:50:33 CET 2011 - (growlwatcher daemon also started)
Fri Mar 18 15:50:33 CET 2011 - Your (main) Growl Daemon is not running... Has it crashed ?
Stopping growlrender daemon
Fri Mar 18 15:50:36 CET 2011 - shutting down growlrender daemon...
Fri Mar 18 15:51:05 CET 2011 - growlrender daemon started
Fri Mar 18 15:51:06 CET 2011 - (growlwatcher daemon also started)
Fri Mar 18 15:51:18 CET 2011 - respawning growlrender daemon...
Fri Mar 18 15:51:18 CET 2011 - growlrender daemon started
Fri Mar 18 15:51:19 CET 2011 - (growlwatcher daemon also started)
Fri Mar 18 15:52:21 CET 2011 - respawning growlrender daemon...
Fri Mar 18 15:52:21 CET 2011 - growlrender daemon started
Fri Mar 18 15:52:22 CET 2011 - (growlwatcher daemon also started)
Fri Mar 18 15:52:27 CET 2011 - Your (main) Growl Daemon is not running... Has it crashed ?
Stopping growlrender daemon
Fri Mar 18 15:52:30 CET 2011 - shutting down growlrender daemon...
Fri Mar 18 15:52:40 CET 2011 - growlrender daemon started
Fri Mar 18 15:52:40 CET 2011 - (growlwatcher daemon also started)
Fri Mar 18 15:53:41 CET 2011 - Your (main) Growl Daemon is not running... Has it crashed ?
Stopping growlrender daemon
Fri Mar 18 15:53:44 CET 2011 - shutting down growlrender daemon...
Fri Mar 18 15:54:17 CET 2011 - growlrender daemon started
Fri Mar 18 15:54:17 CET 2011 - (growlwatcher daemon also started)
Fri Mar 18 15:54:32 CET 2011 - respawning growlrender daemon...
Fri Mar 18 15:54:33 CET 2011 - growlrender daemon started
Fri Mar 18 15:54:33 CET 2011 - (growlwatcher daemon also started)
Fri Mar 18 15:54:55 CET 2011 - respawning growlrender daemon...
Fri Mar 18 15:54:55 CET 2011 - growlrender daemon started
Fri Mar 18 15:54:56 CET 2011 - (growlwatcher daemon also started)
Fri Mar 18 15:55:01 CET 2011 - Your (main) Growl Daemon is not running... Has it crashed ?
Stopping growlrender daemon
Fri Mar 18 15:55:04 CET 2011 - shutting down growlrender daemon...
Fri Mar 18 15:55:16 CET 2011 - growlrender daemon started
Fri Mar 18 15:55:17 CET 2011 - (growlwatcher daemon also started)
Fri Mar 18 15:55:27 CET 2011 - Your (main) Growl Daemon is not running... Has it crashed ?
Stopping growlrender daemon
Fri Mar 18 15:55:30 CET 2011 - shutting down growlrender daemon...
Fri Mar 18 15:55:56 CET 2011 - growlrender daemon started
Fri Mar 18 15:55:57 CET 2011 - (growlwatcher daemon also started)
Fri Mar 18 15:56:02 CET 2011 - Your (main) Growl Daemon is not running... Has it crashed ?
Stopping growlrender daemon
Fri Mar 18 15:56:04 CET 2011 - shutting down growlrender daemon...
Fri Mar 18 15:58:16 CET 2011 - growlrender daemon started
Fri Mar 18 15:58:16 CET 2011 - (growlwatcher daemon also started)
Fri Mar 18 15:59:10 CET 2011 - respawning growlrender daemon...
Fri Mar 18 15:59:10 CET 2011 - growlrender daemon started
Fri Mar 18 15:59:11 CET 2011 - (growlwatcher daemon also started)
Fri Mar 18 15:59:31 CET 2011 - Your (main) Growl Daemon is not running... Has it crashed ?
Stopping growlrender daemon
Fri Mar 18 15:59:34 CET 2011 - shutting down growlrender daemon...
Fri Mar 18 15:59:57 CET 2011 - growlrender daemon started
Fri Mar 18 15:59:57 CET 2011 - (growlwatcher daemon also started)
Fri Mar 18 15:59:57 CET 2011 - Your (main) Growl Daemon is not running... Has it crashed ?
Stopping growlrender daemon
Fri Mar 18 16:00:00 CET 2011 - shutting down growlrender daemon...
Fri Mar 18 16:01:20 CET 2011 - growlrender daemon started
Fri Mar 18 16:01:21 CET 2011 - (growlwatcher daemon also started)
Fri Mar 18 16:01:36 CET 2011 - Your (main) Growl Daemon is not running... Has it crashed ?
Stopping growlrender daemon
Fri Mar 18 16:01:39 CET 2011 - shutting down growlrender daemon...
Fri Mar 18 16:01:57 CET 2011 - growlrender daemon started
Fri Mar 18 16:01:57 CET 2011 - (growlwatcher daemon also started)
Fri Mar 18 16:02:15 CET 2011 - respawning growlrender daemon...
Fri Mar 18 16:02:15 CET 2011 - growlrender daemon started
Fri Mar 18 16:02:16 CET 2011 - (growlwatcher daemon also started)
Fri Mar 18 16:02:21 CET 2011 - Your (main) Growl Daemon is not running... Has it crashed ?
Stopping growlrender daemon
Fri Mar 18 16:02:24 CET 2011 - shutting down growlrender daemon...
Fri Mar 18 16:03:01 CET 2011 - growlrender daemon started
Fri Mar 18 16:03:02 CET 2011 - (growlwatcher daemon also started)
Fri Mar 18 16:03:07 CET 2011 - Your (main) Growl Daemon is not running... Has it crashed ?
Stopping growlrender daemon
Fri Mar 18 16:03:10 CET 2011 - shutting down growlrender daemon...
Fri Mar 18 16:03:15 CET 2011 - growlrender daemon started
Fri Mar 18 16:03:15 CET 2011 - (growlwatcher daemon also started)
Fri Mar 18 16:03:45 CET 2011 - respawning growlrender daemon...
Fri Mar 18 16:03:45 CET 2011 - growlrender daemon started
Fri Mar 18 16:03:45 CET 2011 - (growlwatcher daemon also started)
Fri Mar 18 16:04:08 CET 2011 - respawning growlrender daemon...
Fri Mar 18 16:04:08 CET 2011 - growlrender daemon started
Fri Mar 18 16:04:09 CET 2011 - (growlwatcher daemon also started)
Fri Mar 18 16:04:49 CET 2011 - Your (main) Growl Daemon is not running... Has it crashed ?
Stopping growlrender daemon
Fri Mar 18 16:04:52 CET 2011 - shutting down growlrender daemon...
Fri Mar 18 16:05:18 CET 2011 - growlrender daemon started
Fri Mar 18 16:05:19 CET 2011 - (growlwatcher daemon also started)
Fri Mar 18 16:05:36 CET 2011 - respawning growlrender daemon...
Fri Mar 18 16:05:37 CET 2011 - growlrender daemon started
Fri Mar 18 16:05:37 CET 2011 - (growlwatcher daemon also started)
Fri Mar 18 16:05:52 CET 2011 - respawning growlrender daemon...
Fri Mar 18 16:05:52 CET 2011 - growlrender daemon started
Fri Mar 18 16:05:53 CET 2011 - (growlwatcher daemon also started)
Fri Mar 18 16:07:24 CET 2011 - Your (main) Growl Daemon is not running... Has it crashed ?
Stopping growlrender daemon
Fri Mar 18 16:07:27 CET 2011 - shutting down growlrender daemon...
Fri Mar 18 16:12:25 CET 2011 - WARNING : timeout set to [--all], under 300000 ns, might crash growl
Fri Mar 18 16:12:25 CET 2011 - growlrender daemon started
Fri Mar 18 16:12:26 CET 2011 - (growlwatcher daemon also started)
Fri Mar 18 16:12:31 CET 2011 - Your (main) Growl Daemon is not running... Has it crashed ?
Stopping growlrender daemon
Fri Mar 18 16:12:34 CET 2011 - shutting down growlrender daemon...
Fri Mar 18 16:13:06 CET 2011 - growlrender daemon started
Fri Mar 18 16:13:07 CET 2011 - (growlwatcher daemon also started)
Fri Mar 18 16:13:07 CET 2011 - Your (main) Growl Daemon is not running... Has it crashed ?
Stopping growlrender daemon
Fri Mar 18 16:13:09 CET 2011 - respawning growlrender daemon...
Fri Mar 18 16:13:09 CET 2011 - growlrender daemon started
Fri Mar 18 16:13:09 CET 2011 - (growlwatcher daemon also started)
Fri Mar 18 16:13:09 CET 2011 - Your (main) Growl Daemon is not running... Has it crashed ?
Stopping growlrender daemon
Fri Mar 18 16:13:12 CET 2011 - shutting down growlrender daemon...
Fri Mar 18 16:13:38 CET 2011 - growlrender daemon started
Fri Mar 18 16:13:39 CET 2011 - (growlwatcher daemon also started)
Fri Mar 18 16:13:44 CET 2011 - Your (main) Growl Daemon is not running... Has it crashed ?
Stopping growlrender daemon
Fri Mar 18 16:13:47 CET 2011 - shutting down growlrender daemon...
Fri Mar 18 16:13:54 CET 2011 - growlrender daemon started
Fri Mar 18 16:13:54 CET 2011 - (growlwatcher daemon also started)
Fri Mar 18 16:13:54 CET 2011 - Your (main) Growl Daemon is not running... Has it crashed ?
Stopping growlrender daemon
Fri Mar 18 16:13:57 CET 2011 - shutting down growlrender daemon...
Fri Mar 18 16:14:04 CET 2011 - growlrender daemon started
Fri Mar 18 16:14:04 CET 2011 - (growlwatcher daemon also started)
Fri Mar 18 16:14:20 CET 2011 - Your (main) Growl Daemon is not running... Has it crashed ?
Stopping growlrender daemon
Fri Mar 18 16:14:21 CET 2011 - respawning growlrender daemon...
Fri Mar 18 16:14:21 CET 2011 - growlrender daemon started
Fri Mar 18 16:14:22 CET 2011 - (growlwatcher daemon also started)
Fri Mar 18 16:14:27 CET 2011 - Your (main) Growl Daemon is not running... Has it crashed ?
Stopping growlrender daemon
Fri Mar 18 16:14:30 CET 2011 - shutting down growlrender daemon...
Fri Mar 18 16:15:01 CET 2011 - growlrender daemon started
Fri Mar 18 16:15:01 CET 2011 - (growlwatcher daemon also started)
Fri Mar 18 16:15:01 CET 2011 - Your (main) Growl Daemon is not running... Has it crashed ?
Stopping growlrender daemon
Fri Mar 18 16:15:04 CET 2011 - shutting down growlrender daemon...
Fri Mar 18 16:15:57 CET 2011 - growlrender daemon started
Fri Mar 18 16:15:57 CET 2011 - (growlwatcher daemon also started)
Fri Mar 18 16:16:43 CET 2011 - Your (main) Growl Daemon is not running... Has it crashed ?
Stopping growlrender daemon
Fri Mar 18 16:16:46 CET 2011 - shutting down growlrender daemon...
Fri Mar 18 16:29:05 CET 2011 - growlrender daemon started
Fri Mar 18 16:29:06 CET 2011 - (growlwatcher daemon also started)
Fri Mar 18 16:29:37 CET 2011 - Your (main) Growl Daemon is not running... Has it crashed ?
Stopping growlrender daemon
Fri Mar 18 16:29:40 CET 2011 - shutting down growlrender daemon...
Fri Mar 18 16:30:22 CET 2011 - growlrender daemon started
Fri Mar 18 16:30:23 CET 2011 - (growlwatcher daemon also started)
Fri Mar 18 16:30:23 CET 2011 - Your (main) Growl Daemon is not running... Has it crashed ?
Stopping growlrender daemon
Fri Mar 18 16:30:25 CET 2011 - shutting down growlrender daemon...
Fri Mar 18 16:30:52 CET 2011 - growlrender daemon started
Fri Mar 18 16:30:53 CET 2011 - (growlwatcher daemon also started)
Fri Mar 18 16:31:05 CET 2011 - respawning growlrender daemon...
Fri Mar 18 16:31:05 CET 2011 - growlrender daemon started
Fri Mar 18 16:31:06 CET 2011 - (growlwatcher daemon also started)
Fri Mar 18 16:31:06 CET 2011 - Your (main) Growl Daemon is not running... Has it crashed ?
Stopping growlrender daemon
Fri Mar 18 16:31:09 CET 2011 - shutting down growlrender daemon...
Fri Mar 18 16:33:11 CET 2011 - growlrender daemon started
Fri Mar 18 16:33:12 CET 2011 - (growlwatcher daemon also started)
Fri Mar 18 16:33:32 CET 2011 - Your (main) Growl Daemon is not running... Has it crashed ?
Stopping growlrender daemon
Fri Mar 18 16:33:35 CET 2011 - shutting down growlrender daemon...
Fri Mar 18 16:34:04 CET 2011 - growlrender daemon started
Fri Mar 18 16:34:05 CET 2011 - (growlwatcher daemon also started)
Fri Mar 18 16:34:08 CET 2011 - WARNING : timeout set to --growltimeout=5000, under 300000 ns, might crash growl
Fri Mar 18 16:34:08 CET 2011 - respawning growlrender daemon...
Fri Mar 18 16:34:08 CET 2011 - growlrender daemon started
Fri Mar 18 16:34:09 CET 2011 - (growlwatcher daemon also started)
Fri Mar 18 16:34:19 CET 2011 - Your (main) Growl Daemon is not running... Has it crashed ?
Stopping growlrender daemon
Fri Mar 18 16:34:22 CET 2011 - shutting down growlrender daemon...
Fri Mar 18 16:34:42 CET 2011 - 
WARNING : timeout set to 5000, under 300000 ns, this might crash growl

Fri Mar 18 16:34:42 CET 2011 - growlrender daemon started
Fri Mar 18 16:34:42 CET 2011 - (growlwatcher daemon also started)
Fri Mar 18 16:34:48 CET 2011 - respawning growlrender daemon...
Fri Mar 18 16:34:48 CET 2011 - growlrender daemon started
Fri Mar 18 16:34:48 CET 2011 - (growlwatcher daemon also started)
Fri Mar 18 16:35:06 CET 2011 - respawning growlrender daemon...
Fri Mar 18 16:35:06 CET 2011 - growlrender daemon started
Fri Mar 18 16:35:06 CET 2011 - (growlwatcher daemon also started)
Fri Mar 18 16:35:07 CET 2011 - Your (main) Growl Daemon is not running... Has it crashed ?
Stopping growlrender daemon
Fri Mar 18 16:35:09 CET 2011 - shutting down growlrender daemon...
Fri Mar 18 16:35:21 CET 2011 - growlrender daemon started
Fri Mar 18 16:35:22 CET 2011 - (growlwatcher daemon also started)
Fri Mar 18 16:35:32 CET 2011 - Your (main) Growl Daemon is not running... Has it crashed ?
Stopping growlrender daemon
Fri Mar 18 16:35:35 CET 2011 - shutting down growlrender daemon...
Fri Mar 18 16:35:57 CET 2011 - growlrender daemon started
Fri Mar 18 16:35:57 CET 2011 - (growlwatcher daemon also started)
Fri Mar 18 16:35:57 CET 2011 - Your (main) Growl Daemon is not running... Has it crashed ?
Stopping growlrender daemon
Fri Mar 18 16:36:00 CET 2011 - shutting down growlrender daemon...
Fri Mar 18 16:36:45 CET 2011 - 
WARNING : timeout set to 5000, under 300000 ns, this might crash growl

Fri Mar 18 16:36:45 CET 2011 - growlrender daemon started
Fri Mar 18 16:36:46 CET 2011 - (growlwatcher daemon also started)
Fri Mar 18 16:36:46 CET 2011 - Your (main) Growl Daemon is not running... Has it crashed ?
Stopping growlrender daemon
Fri Mar 18 16:36:48 CET 2011 - 
WARNING : timeout set to 5000, under 300000 ns, this might crash growl

Fri Mar 18 16:36:48 CET 2011 - respawning growlrender daemon...
Fri Mar 18 16:36:48 CET 2011 - shutting down growlrender daemon...
Fri Mar 18 16:36:49 CET 2011 - growlrender daemon started
Fri Mar 18 16:37:04 CET 2011 - 
WARNING : timeout set to 5000, under 300000 ns, this might crash growl

Fri Mar 18 16:37:05 CET 2011 - respawning growlrender daemon...
Fri Mar 18 16:37:05 CET 2011 - growlrender daemon started
Fri Mar 18 16:37:05 CET 2011 - (growlwatcher daemon also started)
Fri Mar 18 16:37:05 CET 2011 - Your (main) Growl Daemon is not running... Has it crashed ?
Stopping growlrender daemon
Fri Mar 18 16:37:08 CET 2011 - shutting down growlrender daemon...
Fri Mar 18 16:37:16 CET 2011 - 
WARNING : timeout set to 5000, under 300000 ns, this might crash growl

Fri Mar 18 16:37:16 CET 2011 - growlrender daemon started
Fri Mar 18 16:37:17 CET 2011 - (growlwatcher daemon also started)
Fri Mar 18 16:37:27 CET 2011 - Your (main) Growl Daemon is not running... Has it crashed ?
Stopping growlrender daemon
Fri Mar 18 16:37:30 CET 2011 - shutting down growlrender daemon...
Fri Mar 18 16:38:33 CET 2011 - 
WARNING : timeout set to 5000, under 300000 ns, this might crash growl

Fri Mar 18 16:38:55 CET 2011 - 
WARNING : timeout set to 5000, under 300000 ns, this might crash growl

Fri Mar 18 16:40:34 CET 2011 - 
WARNING : timeout set to 5000, under 300000 ns, this might crash growl

Fri Mar 18 16:40:34 CET 2011 - growlrender daemon started
Fri Mar 18 16:40:35 CET 2011 - (growlwatcher daemon also started)
Fri Mar 18 16:40:35 CET 2011 - Your (main) Growl Daemon is not running... Has it crashed ?
Stopping growlrender daemon
Fri Mar 18 16:41:03 CET 2011 - Your (main) Growl Daemon is not running... Has it crashed ?
Stopping growlrender daemon
Fri Mar 18 16:41:36 CET 2011 - Your (main) Growl Daemon is not running... Has it crashed ?
Stopping growlrender daemon
Fri Mar 18 16:41:44 CET 2011 - Your (main) Growl Daemon is not running... Has it crashed ?
Stopping growlrender daemon
Fri Mar 18 16:42:32 CET 2011 - Your (main) Growl Daemon is not running... Has it crashed ?
Stopping growlrender daemon
Fri Mar 18 16:43:15 CET 2011 - Your (main) Growl Daemon is not running... Has it crashed ?
Stopping growlrender daemon
Fri Mar 18 16:43:57 CET 2011 - 
WARNING : timeout set to 5000, under 300000 ns, this might crash growl

Fri Mar 18 16:43:57 CET 2011 - respawning growlrender daemon...
Fri Mar 18 16:43:57 CET 2011 - growlrender daemon started
Fri Mar 18 16:43:57 CET 2011 - (growlwatcher daemon also started)
Fri Mar 18 16:44:33 CET 2011 - Your (main) Growl Daemon is not running... Has it crashed ?
Stopping growlrender daemon
Fri Mar 18 16:45:39 CET 2011 - Your (main) Growl Daemon is not running... Has it crashed ?
Stopping growlrender daemon
Fri Mar 18 16:46:20 CET 2011 - Your (main) Growl Daemon is not running... Has it crashed ?
Stopping growlrender daemon
Fri Mar 18 16:47:26 CET 2011 - Your (main) Growl Daemon is not running... Has it crashed ?
Stopping growlrender daemon
Fri Mar 18 16:47:46 CET 2011 - Your (main) Growl Daemon is not running... Has it crashed ?
Stopping growlrender daemon
Fri Mar 18 16:48:10 CET 2011 - growlrender is running
Fri Mar 18 16:48:20 CET 2011 - shutting down growlrender daemon...
Fri Mar 18 16:48:20 CET 2011 - growlrender daemon stopped
Fri Mar 18 16:48:25 CET 2011 - growlrender daemon started
Fri Mar 18 16:48:25 CET 2011 - (growlwatcher daemon also started)
Fri Mar 18 16:49:09 CET 2011 - growlrender is running
Fri Mar 18 16:49:11 CET 2011 - Your (main) Growl Daemon is not running... Has it crashed ?
Stopping growlrender daemon
Fri Mar 18 16:49:14 CET 2011 - growlrender is running
Fri Mar 18 16:49:19 CET 2011 - shutting down growlrender daemon...
Fri Mar 18 16:49:19 CET 2011 - growlrender daemon stopped
Fri Mar 18 16:49:22 CET 2011 - growlrender not running
Fri Mar 18 16:50:04 CET 2011 - 
WARNING : timeout set to 40, under 300000 ns, this might crash growl

Fri Mar 18 16:50:04 CET 2011 - growlrender daemon started
Fri Mar 18 16:50:04 CET 2011 - (growlwatcher daemon also started)
Fri Mar 18 16:50:08 CET 2011 - growlrender is running
Fri Mar 18 16:55:43 CET 2011 - Your (main) Growl Daemon is not running... Has it crashed ?
Stopping growlrender daemon
Fri Mar 18 16:55:46 CET 2011 - shutting down growlrender daemon...
Fri Mar 18 16:56:03 CET 2011 - growlrender daemon started
Fri Mar 18 16:56:04 CET 2011 - (growlwatcher daemon also started)
Fri Mar 18 16:59:08 CET 2011 - growlrender is running
Fri Mar 18 17:09:40 CET 2011 - Your (main) Growl Daemon is not running... Has it crashed ?
Stopping growlrender daemon
Fri Mar 18 17:09:43 CET 2011 - shutting down growlrender daemon...
