Fri Mar 18 17:17:58 CET 2011 - growlrender not running
Fri Mar 18 17:18:16 CET 2011 - growlrender daemon started
Fri Mar 18 17:18:17 CET 2011 - (growlwatcher daemon also started)
Fri Mar 18 17:18:21 CET 2011 - growlrender is running
Fri Mar 18 18:17:30 CET 2011 - growlrender is running
Fri Mar 18 18:18:40 CET 2011 - growlrender is running
Fri Mar 18 18:18:44 CET 2011 - respawning growlrender daemon...
Fri Mar 18 18:18:45 CET 2011 - growlrender daemon started
Fri Mar 18 18:18:45 CET 2011 - (growlwatcher daemon also started)
Fri Mar 18 18:18:56 CET 2011 - respawning growlrender daemon...
Fri Mar 18 18:18:56 CET 2011 - growlrender daemon started
Fri Mar 18 18:18:57 CET 2011 - (growlwatcher daemon also started)
Fri Mar 18 18:19:17 CET 2011 - Your (main) Growl Daemon is not running... Has it crashed ?
Stopping growlrender daemon
Fri Mar 18 18:19:28 CET 2011 - growlrender is running
Fri Mar 18 18:19:38 CET 2011 - Your (main) Growl Daemon is not running... Has it crashed ?
Stopping growlrender daemon
Fri Mar 18 18:19:48 CET 2011 - Your (main) Growl Daemon is not running... Has it crashed ?
Stopping growlrender daemon
Fri Mar 18 18:20:19 CET 2011 - Your (main) Growl Daemon is not running... Has it crashed ?
Stopping growlrender daemon
Fri Mar 18 18:20:24 CET 2011 - Your (main) Growl Daemon is not running... Has it crashed ?
Stopping growlrender daemon
Fri Mar 18 18:21:16 CET 2011 - growlrender is running
Fri Mar 18 18:22:39 CET 2011 - respawning growlrender daemon...
Fri Mar 18 18:22:39 CET 2011 - growlrender daemon started
Fri Mar 18 18:22:40 CET 2011 - (growlwatcher daemon also started)
Fri Mar 18 18:25:47 CET 2011 - Your (main) Growl Daemon is not running... Has it crashed ?
Fri Mar 18 18:26:08 CET 2011 - Your (main) Growl Daemon is not running... Has it crashed ?
Fri Mar 18 18:27:39 CET 2011 - Your (main) Growl Daemon is not running... Has it crashed ?
Fri Mar 18 18:31:17 CET 2011 - Your (main) Growl Daemon is not running... Has it crashed ?
Fri Mar 18 18:31:58 CET 2011 - Your (main) Growl Daemon is not running... Has it crashed ?
Fri Mar 18 18:33:39 CET 2011 - Your (main) Growl Daemon is not running... Has it crashed ?
Fri Mar 18 18:36:21 CET 2011 - Your (main) Growl Daemon is not running... Has it crashed ?
Fri Mar 18 18:40:35 CET 2011 - Your (main) Growl Daemon is not running... Has it crashed ?
Fri Mar 18 18:42:01 CET 2011 - Your (main) Growl Daemon is not running... Has it crashed ?
Fri Mar 18 18:42:21 CET 2011 - Your (main) Growl Daemon is not running... Has it crashed ?
Fri Mar 18 18:46:25 CET 2011 - Your (main) Growl Daemon is not running... Has it crashed ?
Fri Mar 18 18:48:26 CET 2011 - Your (main) Growl Daemon is not running... Has it crashed ?
Fri Mar 18 18:48:52 CET 2011 - Your (main) Growl Daemon is not running... Has it crashed ?
Fri Mar 18 18:49:17 CET 2011 - Your (main) Growl Daemon is not running... Has it crashed ?
Fri Mar 18 18:52:55 CET 2011 - Your (main) Growl Daemon is not running... Has it crashed ?
Fri Mar 18 18:55:17 CET 2011 - Your (main) Growl Daemon is not running... Has it crashed ?
Fri Mar 18 19:00:26 CET 2011 - Your (main) Growl Daemon is not running... Has it crashed ?
Fri Mar 18 19:07:17 CET 2011 - Your (main) Growl Daemon is not running... Has it crashed ?
Fri Mar 18 19:11:25 CET 2011 - Your (main) Growl Daemon is not running... Has it crashed ?
Fri Mar 18 19:12:26 CET 2011 - Your (main) Growl Daemon is not running... Has it crashed ?
Fri Mar 18 19:15:19 CET 2011 - Your (main) Growl Daemon is not running... Has it crashed ?
Fri Mar 18 19:16:35 CET 2011 - Your (main) Growl Daemon is not running... Has it crashed ?
Fri Mar 18 19:21:29 CET 2011 - Your (main) Growl Daemon is not running... Has it crashed ?
Fri Mar 18 19:22:20 CET 2011 - Your (main) Growl Daemon is not running... Has it crashed ?
Fri Mar 18 19:22:45 CET 2011 - Your (main) Growl Daemon is not running... Has it crashed ?
Fri Mar 18 19:23:26 CET 2011 - Your (main) Growl Daemon is not running... Has it crashed ?
Fri Mar 18 19:26:13 CET 2011 - Your (main) Growl Daemon is not running... Has it crashed ?
Fri Mar 18 19:27:04 CET 2011 - Your (main) Growl Daemon is not running... Has it crashed ?
Fri Mar 18 19:28:35 CET 2011 - Your (main) Growl Daemon is not running... Has it crashed ?
Fri Mar 18 19:30:57 CET 2011 - Your (main) Growl Daemon is not running... Has it crashed ?
Fri Mar 18 19:36:06 CET 2011 - Your (main) Growl Daemon is not running... Has it crashed ?
Fri Mar 18 19:36:57 CET 2011 - Your (main) Growl Daemon is not running... Has it crashed ?
Fri Mar 18 19:39:04 CET 2011 - Your (main) Growl Daemon is not running... Has it crashed ?
Fri Mar 18 19:39:09 CET 2011 - Your (main) Growl Daemon is not running... Has it crashed ?
Fri Mar 18 19:41:01 CET 2011 - Your (main) Growl Daemon is not running... Has it crashed ?
Fri Mar 18 19:41:21 CET 2011 - Your (main) Growl Daemon is not running... Has it crashed ?
Fri Mar 18 19:43:48 CET 2011 - Your (main) Growl Daemon is not running... Has it crashed ?
Fri Mar 18 19:47:41 CET 2011 - Your (main) Growl Daemon is not running... Has it crashed ?
Fri Mar 18 19:49:13 CET 2011 - Your (main) Growl Daemon is not running... Has it crashed ?
Fri Mar 18 19:51:19 CET 2011 - Your (main) Growl Daemon is not running... Has it crashed ?
Fri Mar 18 19:54:42 CET 2011 - Your (main) Growl Daemon is not running... Has it crashed ?
Fri Mar 18 20:00:32 CET 2011 - Your (main) Growl Daemon is not running... Has it crashed ?
Fri Mar 18 20:06:07 CET 2011 - Your (main) Growl Daemon is not running... Has it crashed ?
Fri Mar 18 20:07:33 CET 2011 - Your (main) Growl Daemon is not running... Has it crashed ?
Fri Mar 18 20:09:50 CET 2011 - Your (main) Growl Daemon is not running... Has it crashed ?
Fri Mar 18 20:09:55 CET 2011 - Your (main) Growl Daemon is not running... Has it crashed ?
Fri Mar 18 20:12:17 CET 2011 - Your (main) Growl Daemon is not running... Has it crashed ?
Fri Mar 18 20:12:22 CET 2011 - Your (main) Growl Daemon is not running... Has it crashed ?
Fri Mar 18 20:13:23 CET 2011 - Your (main) Growl Daemon is not running... Has it crashed ?
Fri Mar 18 20:17:01 CET 2011 - Your (main) Growl Daemon is not running... Has it crashed ?
Fri Mar 18 20:17:52 CET 2011 - Your (main) Growl Daemon is not running... Has it crashed ?
Fri Mar 18 20:20:34 CET 2011 - Your (main) Growl Daemon is not running... Has it crashed ?
Fri Mar 18 20:21:45 CET 2011 - Your (main) Growl Daemon is not running... Has it crashed ?
Fri Mar 18 20:23:16 CET 2011 - Your (main) Growl Daemon is not running... Has it crashed ?
Fri Mar 18 20:24:07 CET 2011 - Your (main) Growl Daemon is not running... Has it crashed ?
Fri Mar 18 20:24:42 CET 2011 - Your (main) Growl Daemon is not running... Has it crashed ?
Fri Mar 18 20:27:40 CET 2011 - Your (main) Growl Daemon is not running... Has it crashed ?
Fri Mar 18 20:29:11 CET 2011 - Your (main) Growl Daemon is not running... Has it crashed ?
Fri Mar 18 20:33:25 CET 2011 - Your (main) Growl Daemon is not running... Has it crashed ?
Fri Mar 18 20:33:55 CET 2011 - Your (main) Growl Daemon is not running... Has it crashed ?
Fri Mar 18 20:35:57 CET 2011 - Your (main) Growl Daemon is not running... Has it crashed ?
Fri Mar 18 20:37:23 CET 2011 - Your (main) Growl Daemon is not running... Has it crashed ?
Fri Mar 18 20:39:35 CET 2011 - Your (main) Growl Daemon is not running... Has it crashed ?
Fri Mar 18 20:41:57 CET 2011 - Your (main) Growl Daemon is not running... Has it crashed ?
Fri Mar 18 20:42:37 CET 2011 - Your (main) Growl Daemon is not running... Has it crashed ?
Fri Mar 18 20:44:19 CET 2011 - Your (main) Growl Daemon is not running... Has it crashed ?
Fri Mar 18 20:44:29 CET 2011 - Your (main) Growl Daemon is not running... Has it crashed ?
Fri Mar 18 20:45:05 CET 2011 - Your (main) Growl Daemon is not running... Has it crashed ?
Fri Mar 18 20:46:01 CET 2011 - Your (main) Growl Daemon is not running... Has it crashed ?
Fri Mar 18 20:49:13 CET 2011 - Your (main) Growl Daemon is not running... Has it crashed ?
Fri Mar 18 20:49:59 CET 2011 - Your (main) Growl Daemon is not running... Has it crashed ?
Fri Mar 18 20:50:56 CET 2011 - Your (main) Growl Daemon is not running... Has it crashed ?
Fri Mar 18 20:51:21 CET 2011 - Your (main) Growl Daemon is not running... Has it crashed ?
Fri Mar 18 20:52:07 CET 2011 - Your (main) Growl Daemon is not running... Has it crashed ?
Fri Mar 18 20:52:27 CET 2011 - Your (main) Growl Daemon is not running... Has it crashed ?
Fri Mar 18 20:52:37 CET 2011 - Your (main) Growl Daemon is not running... Has it crashed ?
Fri Mar 18 20:52:43 CET 2011 - Your (main) Growl Daemon is not running... Has it crashed ?
Fri Mar 18 20:54:40 CET 2011 - Your (main) Growl Daemon is not running... Has it crashed ?
Fri Mar 18 20:55:51 CET 2011 - Your (main) Growl Daemon is not running... Has it crashed ?
Fri Mar 18 20:55:56 CET 2011 - Your (main) Growl Daemon is not running... Has it crashed ?
Fri Mar 18 20:56:01 CET 2011 - Your (main) Growl Daemon is not running... Has it crashed ?
Fri Mar 18 20:56:27 CET 2011 - Your (main) Growl Daemon is not running... Has it crashed ?
Fri Mar 18 20:56:47 CET 2011 - Your (main) Growl Daemon is not running... Has it crashed ?
Fri Mar 18 20:56:57 CET 2011 - Your (main) Growl Daemon is not running... Has it crashed ?
Fri Mar 18 20:57:13 CET 2011 - Your (main) Growl Daemon is not running... Has it crashed ?
Fri Mar 18 20:57:18 CET 2011 - Your (main) Growl Daemon is not running... Has it crashed ?
Fri Mar 18 20:57:33 CET 2011 - Your (main) Growl Daemon is not running... Has it crashed ?
Fri Mar 18 20:58:09 CET 2011 - Your (main) Growl Daemon is not running... Has it crashed ?
Fri Mar 18 20:58:49 CET 2011 - Your (main) Growl Daemon is not running... Has it crashed ?
Fri Mar 18 20:59:10 CET 2011 - Your (main) Growl Daemon is not running... Has it crashed ?
Sat Mar 19 10:52:28 CET 2011 - growlrender daemon started
Sat Mar 19 10:52:28 CET 2011 - (growlwatcher daemon also started)
Sat Mar 19 10:53:19 CET 2011 - Your (main) Growl Daemon is not running... Has it crashed ?
Sat Mar 19 10:54:19 CET 2011 - Your (main) Growl Daemon is not running... Has it crashed ?
Sat Mar 19 10:56:31 CET 2011 - Your (main) Growl Daemon is not running... Has it crashed ?
Sat Mar 19 10:57:16 CET 2011 - Your (main) Growl Daemon is not running... Has it crashed ?
Sat Mar 19 10:58:32 CET 2011 - Your (main) Growl Daemon is not running... Has it crashed ?
Sat Mar 19 10:58:52 CET 2011 - Your (main) Growl Daemon is not running... Has it crashed ?
Sat Mar 19 11:00:08 CET 2011 - Your (main) Growl Daemon is not running... Has it crashed ?
Sat Mar 19 11:00:13 CET 2011 - Your (main) Growl Daemon is not running... Has it crashed ?
Sat Mar 19 11:01:49 CET 2011 - Your (main) Growl Daemon is not running... Has it crashed ?
Sat Mar 19 11:03:25 CET 2011 - Your (main) Growl Daemon is not running... Has it crashed ?
Sat Mar 19 11:03:30 CET 2011 - Your (main) Growl Daemon is not running... Has it crashed ?
Sat Mar 19 11:03:40 CET 2011 - Your (main) Growl Daemon is not running... Has it crashed ?
Sat Mar 19 11:03:55 CET 2011 - Your (main) Growl Daemon is not running... Has it crashed ?
Sat Mar 19 11:05:01 CET 2011 - Your (main) Growl Daemon is not running... Has it crashed ?
Sat Mar 19 11:05:06 CET 2011 - Your (main) Growl Daemon is not running... Has it crashed ?
Sat Mar 19 11:05:31 CET 2011 - Your (main) Growl Daemon is not running... Has it crashed ?
Sat Mar 19 11:05:36 CET 2011 - respawning growlrender daemon...
Sat Mar 19 11:05:36 CET 2011 - growlrender daemon started
Sat Mar 19 11:05:37 CET 2011 - (growlwatcher daemon also started)
Sat Mar 19 11:05:45 CET 2011 - respawning growlrender daemon...
Sat Mar 19 11:05:46 CET 2011 - growlrender daemon started
Sat Mar 19 11:05:46 CET 2011 - (growlwatcher daemon also started)
Sat Mar 19 11:06:27 CET 2011 - Your (main) Growl Daemon is not running... Has it crashed ?
Sat Mar 19 11:06:57 CET 2011 - Your (main) Growl Daemon is not running... Has it crashed ?
Sat Mar 19 11:07:17 CET 2011 - Your (main) Growl Daemon is not running... Has it crashed ?
Sat Mar 19 11:07:22 CET 2011 - Your (main) Growl Daemon is not running... Has it crashed ?
Sat Mar 19 11:09:03 CET 2011 - Your (main) Growl Daemon is not running... Has it crashed ?
Sat Mar 19 11:09:08 CET 2011 - Your (main) Growl Daemon is not running... Has it crashed ?
Sat Mar 19 11:09:27 CET 2011 - respawning growlrender daemon...
Sat Mar 19 11:09:28 CET 2011 - growlrender daemon started
Sat Mar 19 11:09:28 CET 2011 - (growlwatcher daemon also started)
Sat Mar 19 11:09:59 CET 2011 - respawning growlrender daemon...
Sat Mar 19 11:09:59 CET 2011 - growlrender daemon started
Sat Mar 19 11:10:00 CET 2011 - (growlwatcher daemon also started)
Sat Mar 19 11:10:20 CET 2011 - Your (main) Growl Daemon is not running... Has it crashed ?
Sat Mar 19 11:11:18 CET 2011 - Your (main) Growl Daemon is not running... Has it crashed ?
Sat Mar 19 11:11:36 CET 2011 - Your (main) Growl Daemon is not running... Has it crashed ?
Sat Mar 19 11:13:19 CET 2011 - Your (main) Growl Daemon is not running... Has it crashed ?
Sat Mar 19 11:13:28 CET 2011 - respawning growlrender daemon...
Sat Mar 19 11:13:29 CET 2011 - growlrender daemon started
Sat Mar 19 11:13:29 CET 2011 - (growlwatcher daemon also started)
Sat Mar 19 11:13:29 CET 2011 - Your (main) Growl Daemon is not running... Has it crashed ?
Sat Mar 19 11:13:44 CET 2011 - Your (main) Growl Daemon is not running... Has it crashed ?
Sat Mar 19 11:13:49 CET 2011 - Your (main) Growl Daemon is not running... Has it crashed ?
Sat Mar 19 11:13:55 CET 2011 - Your (main) Growl Daemon is not running... Has it crashed ?
Sat Mar 19 11:14:00 CET 2011 - Your (main) Growl Daemon is not running... Has it crashed ?
Sat Mar 19 11:14:05 CET 2011 - Your (main) Growl Daemon is not running... Has it crashed ?
Sat Mar 19 11:14:15 CET 2011 - Your (main) Growl Daemon is not running... Has it crashed ?
Sat Mar 19 11:14:50 CET 2011 - Your (main) Growl Daemon is not running... Has it crashed ?
Sat Mar 19 11:15:25 CET 2011 - Your (main) Growl Daemon is not running... Has it crashed ?
Sat Mar 19 11:16:26 CET 2011 - Your (main) Growl Daemon is not running... Has it crashed ?
Sat Mar 19 11:17:52 CET 2011 - Your (main) Growl Daemon is not running... Has it crashed ?
Sat Mar 19 11:18:02 CET 2011 - Your (main) Growl Daemon is not running... Has it crashed ?
Sat Mar 19 11:18:07 CET 2011 - Your (main) Growl Daemon is not running... Has it crashed ?
Sat Mar 19 11:18:12 CET 2011 - Your (main) Growl Daemon is not running... Has it crashed ?
Sat Mar 19 11:18:47 CET 2011 - Your (main) Growl Daemon is not running... Has it crashed ?
Sat Mar 19 11:19:08 CET 2011 - Your (main) Growl Daemon is not running... Has it crashed ?
Sat Mar 19 11:19:33 CET 2011 - Your (main) Growl Daemon is not running... Has it crashed ?
Sat Mar 19 11:20:59 CET 2011 - Your (main) Growl Daemon is not running... Has it crashed ?
Sat Mar 19 11:21:29 CET 2011 - Your (main) Growl Daemon is not running... Has it crashed ?
Sat Mar 19 11:22:04 CET 2011 - Your (main) Growl Daemon is not running... Has it crashed ?
Sat Mar 19 11:23:05 CET 2011 - Your (main) Growl Daemon is not running... Has it crashed ?
Sat Mar 19 11:23:10 CET 2011 - Your (main) Growl Daemon is not running... Has it crashed ?
Sat Mar 19 11:26:32 CET 2011 - Your (main) Growl Daemon is not running... Has it crashed ?
Sat Mar 19 11:28:18 CET 2011 - Your (main) Growl Daemon is not running... Has it crashed ?
Sat Mar 19 11:28:23 CET 2011 - Your (main) Growl Daemon is not running... Has it crashed ?
Sat Mar 19 11:28:33 CET 2011 - Your (main) Growl Daemon is not running... Has it crashed ?
Sat Mar 19 11:29:34 CET 2011 - Your (main) Growl Daemon is not running... Has it crashed ?
Sat Mar 19 11:29:39 CET 2011 - Your (main) Growl Daemon is not running... Has it crashed ?
Sat Mar 19 11:29:44 CET 2011 - Your (main) Growl Daemon is not running... Has it crashed ?
Sat Mar 19 11:31:20 CET 2011 - Your (main) Growl Daemon is not running... Has it crashed ?
Sat Mar 19 11:31:25 CET 2011 - Your (main) Growl Daemon is not running... Has it crashed ?
Sat Mar 19 11:34:07 CET 2011 - Your (main) Growl Daemon is not running... Has it crashed ?
Sat Mar 19 11:34:22 CET 2011 - Your (main) Growl Daemon is not running... Has it crashed ?
Sat Mar 19 11:34:42 CET 2011 - Your (main) Growl Daemon is not running... Has it crashed ?
Sat Mar 19 11:34:47 CET 2011 - Your (main) Growl Daemon is not running... Has it crashed ?
Sat Mar 19 11:34:52 CET 2011 - Your (main) Growl Daemon is not running... Has it crashed ?
Sat Mar 19 11:36:33 CET 2011 - Your (main) Growl Daemon is not running... Has it crashed ?
Sat Mar 19 11:36:38 CET 2011 - Your (main) Growl Daemon is not running... Has it crashed ?
Sat Mar 19 11:37:34 CET 2011 - Your (main) Growl Daemon is not running... Has it crashed ?
